ERROR - 2024-10-07 17:02:49 --> mysqli_sql_exception: Can't create table `inventaris_ikna`.`tb_barang` (errno: 150 "Foreign key constraint is incorrectly formed") in C:\xampp\htdocs\template\system\Database\MySQLi\Connection.php:306
Stack trace:
#0 C:\xampp\htdocs\template\system\Database\MySQLi\Connection.php(306): mysqli->query('CREATE TABLE `t...', 0)
#1 C:\xampp\htdocs\template\system\Database\BaseConnection.php(693): CodeIgniter\Database\MySQLi\Connection->execute('CREATE TABLE `t...')
#2 C:\xampp\htdocs\template\system\Database\BaseConnection.php(607): CodeIgniter\Database\BaseConnection->simpleQuery('CREATE TABLE `t...')
#3 C:\xampp\htdocs\template\system\Database\Forge.php(546): CodeIgniter\Database\BaseConnection->query('CREATE TABLE `t...')
#4 C:\xampp\htdocs\template\app\Database\Migrations\2024-10-07-065921_TbBarang.php(63): CodeIgniter\Database\Forge->createTable('tb_barang')
#5 C:\xampp\htdocs\template\system\Database\MigrationRunner.php(873): App\Database\Migrations\TbBarang->up()
#6 C:\xampp\htdocs\template\system\Database\MigrationRunner.php(188): CodeIgniter\Database\MigrationRunner->migrate('up', Object(stdClass))
#7 C:\xampp\htdocs\template\system\Commands\Database\Migrate.php(84): CodeIgniter\Database\MigrationRunner->latest(NULL)
#8 C:\xampp\htdocs\template\system\CLI\Commands.php(65): CodeIgniter\Commands\Database\Migrate->run(Array)
#9 C:\xampp\htdocs\template\system\CLI\Console.php(46): CodeIgniter\CLI\Commands->run('migrate', Array)
#10 C:\xampp\htdocs\template\spark(102): CodeIgniter\CLI\Console->run()
#11 {main}
ERROR - 2024-10-07 17:05:19 --> mysqli_sql_exception: Cannot add or update a child row: a foreign key constraint fails (`inventaris_ikna`.`tb_user`, CONSTRAINT `tb_user_id_jabatan_foreign` FOREIGN KEY (`id_jabatan`) REFERENCES `tb_jabatan` (`id_jabatan`) ON DELETE CASCADE ON UPDATE CASCADE) in C:\xampp\htdocs\template\system\Database\MySQLi\Connection.php:306
Stack trace:
#0 C:\xampp\htdocs\template\system\Database\MySQLi\Connection.php(306): mysqli->query('INSERT INTO `tb...', 0)
#1 C:\xampp\htdocs\template\system\Database\BaseConnection.php(693): CodeIgniter\Database\MySQLi\Connection->execute('INSERT INTO `tb...')
#2 C:\xampp\htdocs\template\system\Database\BaseConnection.php(607): CodeIgniter\Database\BaseConnection->simpleQuery('INSERT INTO `tb...')
#3 C:\xampp\htdocs\template\system\Database\BaseBuilder.php(1800): CodeIgniter\Database\BaseConnection->query('INSERT INTO `tb...', NULL, false)
#4 C:\xampp\htdocs\template\system\Database\BaseBuilder.php(2191): CodeIgniter\Database\BaseBuilder->batchExecute('_insertBatch', 100)
#5 C:\xampp\htdocs\template\app\Database\Seeds\Users.php(65): CodeIgniter\Database\BaseBuilder->insertBatch(Array)
#6 C:\xampp\htdocs\template\system\Database\Seeder.php(146): App\Database\Seeds\Users->run()
#7 C:\xampp\htdocs\template\app\Database\Seeds\DatabaseSeeder.php(15): CodeIgniter\Database\Seeder->call('App\\Database\\Se...')
#8 C:\xampp\htdocs\template\system\Database\Seeder.php(146): App\Database\Seeds\DatabaseSeeder->run()
#9 C:\xampp\htdocs\template\system\Commands\Database\Seed.php(77): CodeIgniter\Database\Seeder->call('App\\Database\\Se...')
#10 C:\xampp\htdocs\template\system\CLI\Commands.php(65): CodeIgniter\Commands\Database\Seed->run(Array)
#11 C:\xampp\htdocs\template\system\CLI\Console.php(46): CodeIgniter\CLI\Commands->run('db:seed', Array)
#12 C:\xampp\htdocs\template\spark(102): CodeIgniter\CLI\Console->run()
#13 {main}
INFO - 2024-10-07 17:07:58 --> Session: Class initialized using 'CodeIgniter\Session\Handlers\FileHandler' driver.
INFO - 2024-10-07 17:08:25 --> Session: Class initialized using 'CodeIgniter\Session\Handlers\FileHandler' driver.
INFO - 2024-10-07 17:08:27 --> Session: Class initialized using 'CodeIgniter\Session\Handlers\FileHandler' driver.
INFO - 2024-10-07 17:08:29 --> Session: Class initialized using 'CodeIgniter\Session\Handlers\FileHandler' driver.
INFO - 2024-10-07 17:08:29 --> Session: Class initialized using 'CodeIgniter\Session\Handlers\FileHandler' driver.
INFO - 2024-10-07 17:08:33 --> Session: Class initialized using 'CodeIgniter\Session\Handlers\FileHandler' driver.
DEBUG - 2024-10-07 17:08:33 --> User logged in: {"__ci_last_regenerate":1728295678,"_ci_previous_url":"http:\/\/localhost:8080\/authentication\/login","id_user":"1","username":"jihadan","email":"jihadanbs11@gmail.com","id_jabatan":"1","nama_lengkap":"Jihadan Beckhianosyuhada","no_telepon":"088215178312","password_last_reset":null,"terakhir_login":"2024-10-07 17:06:33","file_profil":"gambar.jpg","islogin":true}
INFO - 2024-10-07 17:08:33 --> Session: Class initialized using 'CodeIgniter\Session\Handlers\FileHandler' driver.
ERROR - 2024-10-07 17:08:34 --> mysqli_sql_exception: Table 'inventaris_ikna.tb_pemohon' doesn't exist in C:\xampp\htdocs\template\system\Database\MySQLi\Connection.php:306
Stack trace:
#0 C:\xampp\htdocs\template\system\Database\MySQLi\Connection.php(306): mysqli->query('SELECT `tb_pemo...', 0)
#1 C:\xampp\htdocs\template\system\Database\BaseConnection.php(693): CodeIgniter\Database\MySQLi\Connection->execute('SELECT `tb_pemo...')
#2 C:\xampp\htdocs\template\system\Database\BaseConnection.php(607): CodeIgniter\Database\BaseConnection->simpleQuery('SELECT `tb_pemo...')
#3 C:\xampp\htdocs\template\system\Database\BaseBuilder.php(1615): CodeIgniter\Database\BaseConnection->query('SELECT `tb_pemo...', Array, false)
#4 C:\xampp\htdocs\template\app\Models\PemohonModel.php(107): CodeIgniter\Database\BaseBuilder->get()
#5 C:\xampp\htdocs\template\app\Controllers\BaseController.php(180): App\Models\PemohonModel->getAllSorted()
#6 C:\xampp\htdocs\template\app\Controllers\Admin\Dashboard.php(16): App\Controllers\BaseController->loadCommonData()
#7 C:\xampp\htdocs\template\system\CodeIgniter.php(942): App\Controllers\Admin\Dashboard->index()
#8 C:\xampp\htdocs\template\system\CodeIgniter.php(502): CodeIgniter\CodeIgniter->runController(Object(App\Controllers\Admin\Dashboard))
#9 C:\xampp\htdocs\template\system\CodeIgniter.php(361): CodeIgniter\CodeIgniter->handleRequest(NULL, Object(Config\Cache), false)
#10 C:\xampp\htdocs\template\public\index.php(79): CodeIgniter\CodeIgniter->run()
#11 C:\xampp\htdocs\template\system\Commands\Server\rewrite.php(47): require_once('C:\\xampp\\htdocs...')
#12 {main}
CRITICAL - 2024-10-07 17:08:34 --> Table 'inventaris_ikna.tb_pemohon' doesn't exist
in SYSTEMPATH\Database\BaseConnection.php on line 647.
 1 SYSTEMPATH\Database\BaseBuilder.php(1615): CodeIgniter\Database\BaseConnection->query('SELECT `tb_pemohon`.*, `tb_lembaga`.`nama_dinas`, `tb_kategori`.`nama_kategori`, `tb_memperoleh_informasi`.`deskripsi`, `tb_mendapat_salinan_informasi`.`deskripsi`, `tb_cara_mendapat_salinan_informasi`.`deskripsi`
FROM `tb_pemohon`
JOIN `tb_lembaga` ON `tb_lembaga`.`id_lembaga` = `tb_pemohon`.`id_lembaga`
JOIN `tb_kategori` ON `tb_kategori`.`id_kategori` = `tb_pemohon`.`id_kategori`
JOIN `tb_memperoleh_informasi` ON `tb_memperoleh_informasi`.`id_memperoleh_informasi` = `tb_pemohon`.`id_memperoleh_informasi`
JOIN `tb_mendapat_salinan_informasi` ON `tb_mendapat_salinan_informasi`.`id_mendapat_salinan_informasi` = `tb_pemohon`.`id_mendapat_salinan_informasi`
JOIN `tb_cara_mendapat_salinan_informasi` ON `tb_cara_mendapat_salinan_informasi`.`id_cara_mendapat_salinan_informasi` = `tb_pemohon`.`id_cara_mendapat_salinan_informasi`
ORDER BY `tb_pemohon`.`id_pemohon` DESC', [], false)
 2 APPPATH\Models\PemohonModel.php(107): CodeIgniter\Database\BaseBuilder->get()
 3 APPPATH\Controllers\BaseController.php(180): App\Models\PemohonModel->getAllSorted()
 4 APPPATH\Controllers\Admin\Dashboard.php(16): App\Controllers\BaseController->loadCommonData()
 5 SYSTEMPATH\CodeIgniter.php(942): App\Controllers\Admin\Dashboard->index()
 6 SYSTEMPATH\CodeIgniter.php(502): CodeIgniter\CodeIgniter->runController(Object(App\Controllers\Admin\Dashboard))
 7 SYSTEMPATH\CodeIgniter.php(361): CodeIgniter\CodeIgniter->handleRequest(null, Object(Config\Cache), false)
 8 FCPATH\index.php(79): CodeIgniter\CodeIgniter->run()
 9 SYSTEMPATH\Commands\Server\rewrite.php(47): require_once('C:\\xampp\\htdocs\\template\\public\\index.php')
INFO - 2024-10-07 17:09:38 --> Session: Class initialized using 'CodeIgniter\Session\Handlers\FileHandler' driver.
ERROR - 2024-10-07 17:09:38 --> mysqli_sql_exception: Table 'inventaris_ikna.tb_pemohon' doesn't exist in C:\xampp\htdocs\template\system\Database\MySQLi\Connection.php:306
Stack trace:
#0 C:\xampp\htdocs\template\system\Database\MySQLi\Connection.php(306): mysqli->query('SELECT `tb_pemo...', 0)
#1 C:\xampp\htdocs\template\system\Database\BaseConnection.php(693): CodeIgniter\Database\MySQLi\Connection->execute('SELECT `tb_pemo...')
#2 C:\xampp\htdocs\template\system\Database\BaseConnection.php(607): CodeIgniter\Database\BaseConnection->simpleQuery('SELECT `tb_pemo...')
#3 C:\xampp\htdocs\template\system\Database\BaseBuilder.php(1615): CodeIgniter\Database\BaseConnection->query('SELECT `tb_pemo...', Array, false)
#4 C:\xampp\htdocs\template\app\Models\PemohonModel.php(107): CodeIgniter\Database\BaseBuilder->get()
#5 C:\xampp\htdocs\template\app\Controllers\BaseController.php(180): App\Models\PemohonModel->getAllSorted()
#6 C:\xampp\htdocs\template\app\Controllers\Admin\Dashboard.php(16): App\Controllers\BaseController->loadCommonData()
#7 C:\xampp\htdocs\template\system\CodeIgniter.php(942): App\Controllers\Admin\Dashboard->index()
#8 C:\xampp\htdocs\template\system\CodeIgniter.php(502): CodeIgniter\CodeIgniter->runController(Object(App\Controllers\Admin\Dashboard))
#9 C:\xampp\htdocs\template\system\CodeIgniter.php(361): CodeIgniter\CodeIgniter->handleRequest(NULL, Object(Config\Cache), false)
#10 C:\xampp\htdocs\template\public\index.php(79): CodeIgniter\CodeIgniter->run()
#11 C:\xampp\htdocs\template\system\Commands\Server\rewrite.php(47): require_once('C:\\xampp\\htdocs...')
#12 {main}
CRITICAL - 2024-10-07 17:09:38 --> Table 'inventaris_ikna.tb_pemohon' doesn't exist
in SYSTEMPATH\Database\BaseConnection.php on line 647.
 1 SYSTEMPATH\Database\BaseBuilder.php(1615): CodeIgniter\Database\BaseConnection->query('SELECT `tb_pemohon`.*, `tb_lembaga`.`nama_dinas`, `tb_kategori`.`nama_kategori`, `tb_memperoleh_informasi`.`deskripsi`, `tb_mendapat_salinan_informasi`.`deskripsi`, `tb_cara_mendapat_salinan_informasi`.`deskripsi`
FROM `tb_pemohon`
JOIN `tb_lembaga` ON `tb_lembaga`.`id_lembaga` = `tb_pemohon`.`id_lembaga`
JOIN `tb_kategori` ON `tb_kategori`.`id_kategori` = `tb_pemohon`.`id_kategori`
JOIN `tb_memperoleh_informasi` ON `tb_memperoleh_informasi`.`id_memperoleh_informasi` = `tb_pemohon`.`id_memperoleh_informasi`
JOIN `tb_mendapat_salinan_informasi` ON `tb_mendapat_salinan_informasi`.`id_mendapat_salinan_informasi` = `tb_pemohon`.`id_mendapat_salinan_informasi`
JOIN `tb_cara_mendapat_salinan_informasi` ON `tb_cara_mendapat_salinan_informasi`.`id_cara_mendapat_salinan_informasi` = `tb_pemohon`.`id_cara_mendapat_salinan_informasi`
ORDER BY `tb_pemohon`.`id_pemohon` DESC', [], false)
 2 APPPATH\Models\PemohonModel.php(107): CodeIgniter\Database\BaseBuilder->get()
 3 APPPATH\Controllers\BaseController.php(180): App\Models\PemohonModel->getAllSorted()
 4 APPPATH\Controllers\Admin\Dashboard.php(16): App\Controllers\BaseController->loadCommonData()
 5 SYSTEMPATH\CodeIgniter.php(942): App\Controllers\Admin\Dashboard->index()
 6 SYSTEMPATH\CodeIgniter.php(502): CodeIgniter\CodeIgniter->runController(Object(App\Controllers\Admin\Dashboard))
 7 SYSTEMPATH\CodeIgniter.php(361): CodeIgniter\CodeIgniter->handleRequest(null, Object(Config\Cache), false)
 8 FCPATH\index.php(79): CodeIgniter\CodeIgniter->run()
 9 SYSTEMPATH\Commands\Server\rewrite.php(47): require_once('C:\\xampp\\htdocs\\template\\public\\index.php')
INFO - 2024-10-07 17:09:39 --> Session: Class initialized using 'CodeIgniter\Session\Handlers\FileHandler' driver.
ERROR - 2024-10-07 17:09:39 --> mysqli_sql_exception: Table 'inventaris_ikna.tb_pemohon' doesn't exist in C:\xampp\htdocs\template\system\Database\MySQLi\Connection.php:306
Stack trace:
#0 C:\xampp\htdocs\template\system\Database\MySQLi\Connection.php(306): mysqli->query('SELECT `tb_pemo...', 0)
#1 C:\xampp\htdocs\template\system\Database\BaseConnection.php(693): CodeIgniter\Database\MySQLi\Connection->execute('SELECT `tb_pemo...')
#2 C:\xampp\htdocs\template\system\Database\BaseConnection.php(607): CodeIgniter\Database\BaseConnection->simpleQuery('SELECT `tb_pemo...')
#3 C:\xampp\htdocs\template\system\Database\BaseBuilder.php(1615): CodeIgniter\Database\BaseConnection->query('SELECT `tb_pemo...', Array, false)
#4 C:\xampp\htdocs\template\app\Models\PemohonModel.php(107): CodeIgniter\Database\BaseBuilder->get()
#5 C:\xampp\htdocs\template\app\Controllers\BaseController.php(180): App\Models\PemohonModel->getAllSorted()
#6 C:\xampp\htdocs\template\app\Controllers\Admin\Dashboard.php(16): App\Controllers\BaseController->loadCommonData()
#7 C:\xampp\htdocs\template\system\CodeIgniter.php(942): App\Controllers\Admin\Dashboard->index()
#8 C:\xampp\htdocs\template\system\CodeIgniter.php(502): CodeIgniter\CodeIgniter->runController(Object(App\Controllers\Admin\Dashboard))
#9 C:\xampp\htdocs\template\system\CodeIgniter.php(361): CodeIgniter\CodeIgniter->handleRequest(NULL, Object(Config\Cache), false)
#10 C:\xampp\htdocs\template\public\index.php(79): CodeIgniter\CodeIgniter->run()
#11 C:\xampp\htdocs\template\system\Commands\Server\rewrite.php(47): require_once('C:\\xampp\\htdocs...')
#12 {main}
CRITICAL - 2024-10-07 17:09:39 --> Table 'inventaris_ikna.tb_pemohon' doesn't exist
in SYSTEMPATH\Database\BaseConnection.php on line 647.
 1 SYSTEMPATH\Database\BaseBuilder.php(1615): CodeIgniter\Database\BaseConnection->query('SELECT `tb_pemohon`.*, `tb_lembaga`.`nama_dinas`, `tb_kategori`.`nama_kategori`, `tb_memperoleh_informasi`.`deskripsi`, `tb_mendapat_salinan_informasi`.`deskripsi`, `tb_cara_mendapat_salinan_informasi`.`deskripsi`
FROM `tb_pemohon`
JOIN `tb_lembaga` ON `tb_lembaga`.`id_lembaga` = `tb_pemohon`.`id_lembaga`
JOIN `tb_kategori` ON `tb_kategori`.`id_kategori` = `tb_pemohon`.`id_kategori`
JOIN `tb_memperoleh_informasi` ON `tb_memperoleh_informasi`.`id_memperoleh_informasi` = `tb_pemohon`.`id_memperoleh_informasi`
JOIN `tb_mendapat_salinan_informasi` ON `tb_mendapat_salinan_informasi`.`id_mendapat_salinan_informasi` = `tb_pemohon`.`id_mendapat_salinan_informasi`
JOIN `tb_cara_mendapat_salinan_informasi` ON `tb_cara_mendapat_salinan_informasi`.`id_cara_mendapat_salinan_informasi` = `tb_pemohon`.`id_cara_mendapat_salinan_informasi`
ORDER BY `tb_pemohon`.`id_pemohon` DESC', [], false)
 2 APPPATH\Models\PemohonModel.php(107): CodeIgniter\Database\BaseBuilder->get()
 3 APPPATH\Controllers\BaseController.php(180): App\Models\PemohonModel->getAllSorted()
 4 APPPATH\Controllers\Admin\Dashboard.php(16): App\Controllers\BaseController->loadCommonData()
 5 SYSTEMPATH\CodeIgniter.php(942): App\Controllers\Admin\Dashboard->index()
 6 SYSTEMPATH\CodeIgniter.php(502): CodeIgniter\CodeIgniter->runController(Object(App\Controllers\Admin\Dashboard))
 7 SYSTEMPATH\CodeIgniter.php(361): CodeIgniter\CodeIgniter->handleRequest(null, Object(Config\Cache), false)
 8 FCPATH\index.php(79): CodeIgniter\CodeIgniter->run()
 9 SYSTEMPATH\Commands\Server\rewrite.php(47): require_once('C:\\xampp\\htdocs\\template\\public\\index.php')
INFO - 2024-10-07 17:09:50 --> Session: Class initialized using 'CodeIgniter\Session\Handlers\FileHandler' driver.
ERROR - 2024-10-07 17:09:50 --> mysqli_sql_exception: Table 'inventaris_ikna.tb_pemohon' doesn't exist in C:\xampp\htdocs\template\system\Database\MySQLi\Connection.php:306
Stack trace:
#0 C:\xampp\htdocs\template\system\Database\MySQLi\Connection.php(306): mysqli->query('SELECT `tb_pemo...', 0)
#1 C:\xampp\htdocs\template\system\Database\BaseConnection.php(693): CodeIgniter\Database\MySQLi\Connection->execute('SELECT `tb_pemo...')
#2 C:\xampp\htdocs\template\system\Database\BaseConnection.php(607): CodeIgniter\Database\BaseConnection->simpleQuery('SELECT `tb_pemo...')
#3 C:\xampp\htdocs\template\system\Database\BaseBuilder.php(1615): CodeIgniter\Database\BaseConnection->query('SELECT `tb_pemo...', Array, false)
#4 C:\xampp\htdocs\template\app\Models\PemohonModel.php(107): CodeIgniter\Database\BaseBuilder->get()
#5 C:\xampp\htdocs\template\app\Controllers\BaseController.php(180): App\Models\PemohonModel->getAllSorted()
#6 C:\xampp\htdocs\template\app\Controllers\Admin\Dashboard.php(16): App\Controllers\BaseController->loadCommonData()
#7 C:\xampp\htdocs\template\system\CodeIgniter.php(942): App\Controllers\Admin\Dashboard->index()
#8 C:\xampp\htdocs\template\system\CodeIgniter.php(502): CodeIgniter\CodeIgniter->runController(Object(App\Controllers\Admin\Dashboard))
#9 C:\xampp\htdocs\template\system\CodeIgniter.php(361): CodeIgniter\CodeIgniter->handleRequest(NULL, Object(Config\Cache), false)
#10 C:\xampp\htdocs\template\public\index.php(79): CodeIgniter\CodeIgniter->run()
#11 C:\xampp\htdocs\template\system\Commands\Server\rewrite.php(47): require_once('C:\\xampp\\htdocs...')
#12 {main}
CRITICAL - 2024-10-07 17:09:50 --> Table 'inventaris_ikna.tb_pemohon' doesn't exist
in SYSTEMPATH\Database\BaseConnection.php on line 647.
 1 SYSTEMPATH\Database\BaseBuilder.php(1615): CodeIgniter\Database\BaseConnection->query('SELECT `tb_pemohon`.*, `tb_lembaga`.`nama_dinas`, `tb_kategori`.`nama_kategori`, `tb_memperoleh_informasi`.`deskripsi`, `tb_mendapat_salinan_informasi`.`deskripsi`, `tb_cara_mendapat_salinan_informasi`.`deskripsi`
FROM `tb_pemohon`
JOIN `tb_lembaga` ON `tb_lembaga`.`id_lembaga` = `tb_pemohon`.`id_lembaga`
JOIN `tb_kategori` ON `tb_kategori`.`id_kategori` = `tb_pemohon`.`id_kategori`
JOIN `tb_memperoleh_informasi` ON `tb_memperoleh_informasi`.`id_memperoleh_informasi` = `tb_pemohon`.`id_memperoleh_informasi`
JOIN `tb_mendapat_salinan_informasi` ON `tb_mendapat_salinan_informasi`.`id_mendapat_salinan_informasi` = `tb_pemohon`.`id_mendapat_salinan_informasi`
JOIN `tb_cara_mendapat_salinan_informasi` ON `tb_cara_mendapat_salinan_informasi`.`id_cara_mendapat_salinan_informasi` = `tb_pemohon`.`id_cara_mendapat_salinan_informasi`
ORDER BY `tb_pemohon`.`id_pemohon` DESC', [], false)
 2 APPPATH\Models\PemohonModel.php(107): CodeIgniter\Database\BaseBuilder->get()
 3 APPPATH\Controllers\BaseController.php(180): App\Models\PemohonModel->getAllSorted()
 4 APPPATH\Controllers\Admin\Dashboard.php(16): App\Controllers\BaseController->loadCommonData()
 5 SYSTEMPATH\CodeIgniter.php(942): App\Controllers\Admin\Dashboard->index()
 6 SYSTEMPATH\CodeIgniter.php(502): CodeIgniter\CodeIgniter->runController(Object(App\Controllers\Admin\Dashboard))
 7 SYSTEMPATH\CodeIgniter.php(361): CodeIgniter\CodeIgniter->handleRequest(null, Object(Config\Cache), false)
 8 FCPATH\index.php(79): CodeIgniter\CodeIgniter->run()
 9 SYSTEMPATH\Commands\Server\rewrite.php(47): require_once('C:\\xampp\\htdocs\\template\\public\\index.php')
INFO - 2024-10-07 17:11:28 --> Session: Class initialized using 'CodeIgniter\Session\Handlers\FileHandler' driver.
ERROR - 2024-10-07 17:11:28 --> mysqli_sql_exception: Table 'inventaris_ikna.tb_pemohon' doesn't exist in C:\xampp\htdocs\template\system\Database\MySQLi\Connection.php:306
Stack trace:
#0 C:\xampp\htdocs\template\system\Database\MySQLi\Connection.php(306): mysqli->query('SELECT `tb_pemo...', 0)
#1 C:\xampp\htdocs\template\system\Database\BaseConnection.php(693): CodeIgniter\Database\MySQLi\Connection->execute('SELECT `tb_pemo...')
#2 C:\xampp\htdocs\template\system\Database\BaseConnection.php(607): CodeIgniter\Database\BaseConnection->simpleQuery('SELECT `tb_pemo...')
#3 C:\xampp\htdocs\template\system\Database\BaseBuilder.php(1615): CodeIgniter\Database\BaseConnection->query('SELECT `tb_pemo...', Array, false)
#4 C:\xampp\htdocs\template\app\Models\PemohonModel.php(107): CodeIgniter\Database\BaseBuilder->get()
#5 C:\xampp\htdocs\template\app\Controllers\BaseController.php(180): App\Models\PemohonModel->getAllSorted()
#6 C:\xampp\htdocs\template\app\Controllers\Admin\Dashboard.php(16): App\Controllers\BaseController->loadCommonData()
#7 C:\xampp\htdocs\template\system\CodeIgniter.php(942): App\Controllers\Admin\Dashboard->index()
#8 C:\xampp\htdocs\template\system\CodeIgniter.php(502): CodeIgniter\CodeIgniter->runController(Object(App\Controllers\Admin\Dashboard))
#9 C:\xampp\htdocs\template\system\CodeIgniter.php(361): CodeIgniter\CodeIgniter->handleRequest(NULL, Object(Config\Cache), false)
#10 C:\xampp\htdocs\template\public\index.php(79): CodeIgniter\CodeIgniter->run()
#11 C:\xampp\htdocs\template\system\Commands\Server\rewrite.php(47): require_once('C:\\xampp\\htdocs...')
#12 {main}
CRITICAL - 2024-10-07 17:11:28 --> Table 'inventaris_ikna.tb_pemohon' doesn't exist
in SYSTEMPATH\Database\BaseConnection.php on line 647.
 1 SYSTEMPATH\Database\BaseBuilder.php(1615): CodeIgniter\Database\BaseConnection->query('SELECT `tb_pemohon`.*, `tb_lembaga`.`nama_dinas`, `tb_kategori`.`nama_kategori`, `tb_memperoleh_informasi`.`deskripsi`, `tb_mendapat_salinan_informasi`.`deskripsi`, `tb_cara_mendapat_salinan_informasi`.`deskripsi`
FROM `tb_pemohon`
JOIN `tb_lembaga` ON `tb_lembaga`.`id_lembaga` = `tb_pemohon`.`id_lembaga`
JOIN `tb_kategori` ON `tb_kategori`.`id_kategori` = `tb_pemohon`.`id_kategori`
JOIN `tb_memperoleh_informasi` ON `tb_memperoleh_informasi`.`id_memperoleh_informasi` = `tb_pemohon`.`id_memperoleh_informasi`
JOIN `tb_mendapat_salinan_informasi` ON `tb_mendapat_salinan_informasi`.`id_mendapat_salinan_informasi` = `tb_pemohon`.`id_mendapat_salinan_informasi`
JOIN `tb_cara_mendapat_salinan_informasi` ON `tb_cara_mendapat_salinan_informasi`.`id_cara_mendapat_salinan_informasi` = `tb_pemohon`.`id_cara_mendapat_salinan_informasi`
ORDER BY `tb_pemohon`.`id_pemohon` DESC', [], false)
 2 APPPATH\Models\PemohonModel.php(107): CodeIgniter\Database\BaseBuilder->get()
 3 APPPATH\Controllers\BaseController.php(180): App\Models\PemohonModel->getAllSorted()
 4 APPPATH\Controllers\Admin\Dashboard.php(16): App\Controllers\BaseController->loadCommonData()
 5 SYSTEMPATH\CodeIgniter.php(942): App\Controllers\Admin\Dashboard->index()
 6 SYSTEMPATH\CodeIgniter.php(502): CodeIgniter\CodeIgniter->runController(Object(App\Controllers\Admin\Dashboard))
 7 SYSTEMPATH\CodeIgniter.php(361): CodeIgniter\CodeIgniter->handleRequest(null, Object(Config\Cache), false)
 8 FCPATH\index.php(79): CodeIgniter\CodeIgniter->run()
 9 SYSTEMPATH\Commands\Server\rewrite.php(47): require_once('C:\\xampp\\htdocs\\template\\public\\index.php')
INFO - 2024-10-07 17:12:02 --> Session: Class initialized using 'CodeIgniter\Session\Handlers\FileHandler' driver.
ERROR - 2024-10-07 17:12:02 --> mysqli_sql_exception: Table 'inventaris_ikna.tb_pemohon' doesn't exist in C:\xampp\htdocs\template\system\Database\MySQLi\Connection.php:306
Stack trace:
#0 C:\xampp\htdocs\template\system\Database\MySQLi\Connection.php(306): mysqli->query('SELECT `tb_pemo...', 0)
#1 C:\xampp\htdocs\template\system\Database\BaseConnection.php(693): CodeIgniter\Database\MySQLi\Connection->execute('SELECT `tb_pemo...')
#2 C:\xampp\htdocs\template\system\Database\BaseConnection.php(607): CodeIgniter\Database\BaseConnection->simpleQuery('SELECT `tb_pemo...')
#3 C:\xampp\htdocs\template\system\Database\BaseBuilder.php(1615): CodeIgniter\Database\BaseConnection->query('SELECT `tb_pemo...', Array, false)
#4 C:\xampp\htdocs\template\app\Models\PemohonModel.php(107): CodeIgniter\Database\BaseBuilder->get()
#5 C:\xampp\htdocs\template\app\Controllers\BaseController.php(180): App\Models\PemohonModel->getAllSorted()
#6 C:\xampp\htdocs\template\app\Controllers\Admin\Dashboard.php(16): App\Controllers\BaseController->loadCommonData()
#7 C:\xampp\htdocs\template\system\CodeIgniter.php(942): App\Controllers\Admin\Dashboard->index()
#8 C:\xampp\htdocs\template\system\CodeIgniter.php(502): CodeIgniter\CodeIgniter->runController(Object(App\Controllers\Admin\Dashboard))
#9 C:\xampp\htdocs\template\system\CodeIgniter.php(361): CodeIgniter\CodeIgniter->handleRequest(NULL, Object(Config\Cache), false)
#10 C:\xampp\htdocs\template\public\index.php(79): CodeIgniter\CodeIgniter->run()
#11 C:\xampp\htdocs\template\system\Commands\Server\rewrite.php(47): require_once('C:\\xampp\\htdocs...')
#12 {main}
CRITICAL - 2024-10-07 17:12:02 --> Table 'inventaris_ikna.tb_pemohon' doesn't exist
in SYSTEMPATH\Database\BaseConnection.php on line 647.
 1 SYSTEMPATH\Database\BaseBuilder.php(1615): CodeIgniter\Database\BaseConnection->query('SELECT `tb_pemohon`.*, `tb_lembaga`.`nama_dinas`, `tb_kategori`.`nama_kategori`, `tb_memperoleh_informasi`.`deskripsi`, `tb_mendapat_salinan_informasi`.`deskripsi`, `tb_cara_mendapat_salinan_informasi`.`deskripsi`
FROM `tb_pemohon`
JOIN `tb_lembaga` ON `tb_lembaga`.`id_lembaga` = `tb_pemohon`.`id_lembaga`
JOIN `tb_kategori` ON `tb_kategori`.`id_kategori` = `tb_pemohon`.`id_kategori`
JOIN `tb_memperoleh_informasi` ON `tb_memperoleh_informasi`.`id_memperoleh_informasi` = `tb_pemohon`.`id_memperoleh_informasi`
JOIN `tb_mendapat_salinan_informasi` ON `tb_mendapat_salinan_informasi`.`id_mendapat_salinan_informasi` = `tb_pemohon`.`id_mendapat_salinan_informasi`
JOIN `tb_cara_mendapat_salinan_informasi` ON `tb_cara_mendapat_salinan_informasi`.`id_cara_mendapat_salinan_informasi` = `tb_pemohon`.`id_cara_mendapat_salinan_informasi`
ORDER BY `tb_pemohon`.`id_pemohon` DESC', [], false)
 2 APPPATH\Models\PemohonModel.php(107): CodeIgniter\Database\BaseBuilder->get()
 3 APPPATH\Controllers\BaseController.php(180): App\Models\PemohonModel->getAllSorted()
 4 APPPATH\Controllers\Admin\Dashboard.php(16): App\Controllers\BaseController->loadCommonData()
 5 SYSTEMPATH\CodeIgniter.php(942): App\Controllers\Admin\Dashboard->index()
 6 SYSTEMPATH\CodeIgniter.php(502): CodeIgniter\CodeIgniter->runController(Object(App\Controllers\Admin\Dashboard))
 7 SYSTEMPATH\CodeIgniter.php(361): CodeIgniter\CodeIgniter->handleRequest(null, Object(Config\Cache), false)
 8 FCPATH\index.php(79): CodeIgniter\CodeIgniter->run()
 9 SYSTEMPATH\Commands\Server\rewrite.php(47): require_once('C:\\xampp\\htdocs\\template\\public\\index.php')
INFO - 2024-10-07 17:12:09 --> Session: Class initialized using 'CodeIgniter\Session\Handlers\FileHandler' driver.
ERROR - 2024-10-07 17:12:09 --> mysqli_sql_exception: Table 'inventaris_ikna.tb_pemohon' doesn't exist in C:\xampp\htdocs\template\system\Database\MySQLi\Connection.php:306
Stack trace:
#0 C:\xampp\htdocs\template\system\Database\MySQLi\Connection.php(306): mysqli->query('SELECT `tb_pemo...', 0)
#1 C:\xampp\htdocs\template\system\Database\BaseConnection.php(693): CodeIgniter\Database\MySQLi\Connection->execute('SELECT `tb_pemo...')
#2 C:\xampp\htdocs\template\system\Database\BaseConnection.php(607): CodeIgniter\Database\BaseConnection->simpleQuery('SELECT `tb_pemo...')
#3 C:\xampp\htdocs\template\system\Database\BaseBuilder.php(1615): CodeIgniter\Database\BaseConnection->query('SELECT `tb_pemo...', Array, false)
#4 C:\xampp\htdocs\template\app\Models\PemohonModel.php(107): CodeIgniter\Database\BaseBuilder->get()
#5 C:\xampp\htdocs\template\app\Controllers\BaseController.php(180): App\Models\PemohonModel->getAllSorted()
#6 C:\xampp\htdocs\template\app\Controllers\Admin\Dashboard.php(16): App\Controllers\BaseController->loadCommonData()
#7 C:\xampp\htdocs\template\system\CodeIgniter.php(942): App\Controllers\Admin\Dashboard->index()
#8 C:\xampp\htdocs\template\system\CodeIgniter.php(502): CodeIgniter\CodeIgniter->runController(Object(App\Controllers\Admin\Dashboard))
#9 C:\xampp\htdocs\template\system\CodeIgniter.php(361): CodeIgniter\CodeIgniter->handleRequest(NULL, Object(Config\Cache), false)
#10 C:\xampp\htdocs\template\public\index.php(79): CodeIgniter\CodeIgniter->run()
#11 C:\xampp\htdocs\template\system\Commands\Server\rewrite.php(47): require_once('C:\\xampp\\htdocs...')
#12 {main}
CRITICAL - 2024-10-07 17:12:09 --> Table 'inventaris_ikna.tb_pemohon' doesn't exist
in SYSTEMPATH\Database\BaseConnection.php on line 647.
 1 SYSTEMPATH\Database\BaseBuilder.php(1615): CodeIgniter\Database\BaseConnection->query('SELECT `tb_pemohon`.*, `tb_lembaga`.`nama_dinas`, `tb_kategori`.`nama_kategori`, `tb_memperoleh_informasi`.`deskripsi`, `tb_mendapat_salinan_informasi`.`deskripsi`, `tb_cara_mendapat_salinan_informasi`.`deskripsi`
FROM `tb_pemohon`
JOIN `tb_lembaga` ON `tb_lembaga`.`id_lembaga` = `tb_pemohon`.`id_lembaga`
JOIN `tb_kategori` ON `tb_kategori`.`id_kategori` = `tb_pemohon`.`id_kategori`
JOIN `tb_memperoleh_informasi` ON `tb_memperoleh_informasi`.`id_memperoleh_informasi` = `tb_pemohon`.`id_memperoleh_informasi`
JOIN `tb_mendapat_salinan_informasi` ON `tb_mendapat_salinan_informasi`.`id_mendapat_salinan_informasi` = `tb_pemohon`.`id_mendapat_salinan_informasi`
JOIN `tb_cara_mendapat_salinan_informasi` ON `tb_cara_mendapat_salinan_informasi`.`id_cara_mendapat_salinan_informasi` = `tb_pemohon`.`id_cara_mendapat_salinan_informasi`
ORDER BY `tb_pemohon`.`id_pemohon` DESC', [], false)
 2 APPPATH\Models\PemohonModel.php(107): CodeIgniter\Database\BaseBuilder->get()
 3 APPPATH\Controllers\BaseController.php(180): App\Models\PemohonModel->getAllSorted()
 4 APPPATH\Controllers\Admin\Dashboard.php(16): App\Controllers\BaseController->loadCommonData()
 5 SYSTEMPATH\CodeIgniter.php(942): App\Controllers\Admin\Dashboard->index()
 6 SYSTEMPATH\CodeIgniter.php(502): CodeIgniter\CodeIgniter->runController(Object(App\Controllers\Admin\Dashboard))
 7 SYSTEMPATH\CodeIgniter.php(361): CodeIgniter\CodeIgniter->handleRequest(null, Object(Config\Cache), false)
 8 FCPATH\index.php(79): CodeIgniter\CodeIgniter->run()
 9 SYSTEMPATH\Commands\Server\rewrite.php(47): require_once('C:\\xampp\\htdocs\\template\\public\\index.php')
INFO - 2024-10-07 17:15:14 --> Session: Class initialized using 'CodeIgniter\Session\Handlers\FileHandler' driver.
CRITICAL - 2024-10-07 17:15:14 --> Undefined variable $unreadCount_keberatan
in APPPATH\Views\admin\layouts\navbar.php on line 174.
 1 APPPATH\Views\admin\layouts\navbar.php(174): CodeIgniter\Debug\Exceptions->errorHandler(2, 'Undefined variable $unreadCount_keberatan', 'C:\\xampp\\htdocs\\template\\app\\Views\\admin\\layouts\\navbar.php', 174)
 2 SYSTEMPATH\View\View.php(228): include('C:\\xampp\\htdocs\\template\\app\\Views\\admin\\layouts\\navbar.php')
 3 SYSTEMPATH\View\View.php(231): CodeIgniter\View\View->CodeIgniter\View\{closure}()
 4 SYSTEMPATH\View\View.php(469): CodeIgniter\View\View->render('admin/layouts/navbar', null, true)
 5 APPPATH\Views\admin\dashboard\index.php(65): CodeIgniter\View\View->include('admin/layouts/navbar')
 6 SYSTEMPATH\View\View.php(228): include('C:\\xampp\\htdocs\\template\\app\\Views\\admin\\dashboard\\index.php')
 7 SYSTEMPATH\View\View.php(231): CodeIgniter\View\View->CodeIgniter\View\{closure}()
 8 SYSTEMPATH\Common.php(1190): CodeIgniter\View\View->render('admin/dashboard/index', [], true)
 9 APPPATH\Controllers\Admin\Dashboard.php(22): view('admin/dashboard/index', [...])
10 SYSTEMPATH\CodeIgniter.php(942): App\Controllers\Admin\Dashboard->index()
11 SYSTEMPATH\CodeIgniter.php(502): CodeIgniter\CodeIgniter->runController(Object(App\Controllers\Admin\Dashboard))
12 SYSTEMPATH\CodeIgniter.php(361): CodeIgniter\CodeIgniter->handleRequest(null, Object(Config\Cache), false)
13 FCPATH\index.php(79): CodeIgniter\CodeIgniter->run()
14 SYSTEMPATH\Commands\Server\rewrite.php(47): require_once('C:\\xampp\\htdocs\\template\\public\\index.php')
INFO - 2024-10-07 17:15:27 --> Session: Class initialized using 'CodeIgniter\Session\Handlers\FileHandler' driver.
INFO - 2024-10-07 17:22:54 --> Session: Class initialized using 'CodeIgniter\Session\Handlers\FileHandler' driver.
INFO - 2024-10-07 17:26:23 --> Session: Class initialized using 'CodeIgniter\Session\Handlers\FileHandler' driver.
INFO - 2024-10-07 17:27:19 --> Session: Class initialized using 'CodeIgniter\Session\Handlers\FileHandler' driver.
INFO - 2024-10-07 17:27:54 --> Session: Class initialized using 'CodeIgniter\Session\Handlers\FileHandler' driver.
INFO - 2024-10-07 17:32:06 --> Session: Class initialized using 'CodeIgniter\Session\Handlers\FileHandler' driver.
INFO - 2024-10-07 17:32:30 --> Session: Class initialized using 'CodeIgniter\Session\Handlers\FileHandler' driver.
INFO - 2024-10-07 17:32:57 --> Session: Class initialized using 'CodeIgniter\Session\Handlers\FileHandler' driver.
INFO - 2024-10-07 17:34:07 --> Session: Class initialized using 'CodeIgniter\Session\Handlers\FileHandler' driver.
INFO - 2024-10-07 17:34:41 --> Session: Class initialized using 'CodeIgniter\Session\Handlers\FileHandler' driver.
INFO - 2024-10-07 17:34:58 --> Session: Class initialized using 'CodeIgniter\Session\Handlers\FileHandler' driver.
INFO - 2024-10-07 17:36:34 --> Session: Class initialized using 'CodeIgniter\Session\Handlers\FileHandler' driver.
INFO - 2024-10-07 17:37:41 --> Session: Class initialized using 'CodeIgniter\Session\Handlers\FileHandler' driver.
INFO - 2024-10-07 17:38:25 --> Session: Class initialized using 'CodeIgniter\Session\Handlers\FileHandler' driver.
INFO - 2024-10-07 17:44:17 --> Session: Class initialized using 'CodeIgniter\Session\Handlers\FileHandler' driver.
INFO - 2024-10-07 17:45:50 --> Session: Class initialized using 'CodeIgniter\Session\Handlers\FileHandler' driver.
INFO - 2024-10-07 17:48:53 --> Session: Class initialized using 'CodeIgniter\Session\Handlers\FileHandler' driver.
INFO - 2024-10-07 17:57:26 --> Session: Class initialized using 'CodeIgniter\Session\Handlers\FileHandler' driver.
INFO - 2024-10-07 17:57:45 --> Session: Class initialized using 'CodeIgniter\Session\Handlers\FileHandler' driver.
INFO - 2024-10-07 17:58:06 --> Session: Class initialized using 'CodeIgniter\Session\Handlers\FileHandler' driver.
INFO - 2024-10-07 18:03:08 --> Session: Class initialized using 'CodeIgniter\Session\Handlers\FileHandler' driver.
INFO - 2024-10-07 18:04:41 --> Session: Class initialized using 'CodeIgniter\Session\Handlers\FileHandler' driver.
INFO - 2024-10-07 18:06:57 --> Session: Class initialized using 'CodeIgniter\Session\Handlers\FileHandler' driver.
INFO - 2024-10-07 18:06:59 --> Session: Class initialized using 'CodeIgniter\Session\Handlers\FileHandler' driver.
INFO - 2024-10-07 18:10:47 --> Session: Class initialized using 'CodeIgniter\Session\Handlers\FileHandler' driver.
INFO - 2024-10-07 18:10:58 --> Session: Class initialized using 'CodeIgniter\Session\Handlers\FileHandler' driver.
INFO - 2024-10-07 18:11:53 --> Session: Class initialized using 'CodeIgniter\Session\Handlers\FileHandler' driver.
INFO - 2024-10-07 18:12:02 --> Session: Class initialized using 'CodeIgniter\Session\Handlers\FileHandler' driver.
INFO - 2024-10-07 18:12:25 --> Session: Class initialized using 'CodeIgniter\Session\Handlers\FileHandler' driver.
INFO - 2024-10-07 18:13:01 --> Session: Class initialized using 'CodeIgniter\Session\Handlers\FileHandler' driver.
INFO - 2024-10-07 18:14:15 --> Session: Class initialized using 'CodeIgniter\Session\Handlers\FileHandler' driver.
INFO - 2024-10-07 18:15:28 --> Session: Class initialized using 'CodeIgniter\Session\Handlers\FileHandler' driver.
INFO - 2024-10-07 18:17:50 --> Session: Class initialized using 'CodeIgniter\Session\Handlers\FileHandler' driver.
INFO - 2024-10-07 18:22:13 --> Session: Class initialized using 'CodeIgniter\Session\Handlers\FileHandler' driver.
INFO - 2024-10-07 20:45:48 --> Session: Class initialized using 'CodeIgniter\Session\Handlers\FileHandler' driver.
INFO - 2024-10-07 20:45:48 --> Session: Class initialized using 'CodeIgniter\Session\Handlers\FileHandler' driver.
